#! /usr/oss-cad-suite/bin/vvp
:ivl_version "13.0 (devel)" "(s20250103-66-gd67d3323a)";
:ivl_delay_selection "TYPICAL";
:vpi_time_precision + 0;
:vpi_module "/usr/oss-cad-suite/lib/ivl/system.vpi";
:vpi_module "/usr/oss-cad-suite/lib/ivl/vhdl_sys.vpi";
:vpi_module "/usr/oss-cad-suite/lib/ivl/vhdl_textio.vpi";
:vpi_module "/usr/oss-cad-suite/lib/ivl/v2005_math.vpi";
:vpi_module "/usr/oss-cad-suite/lib/ivl/va_math.vpi";
S_0x5555758748c0 .scope module, "clock_divider_tb" "clock_divider_tb" 2 1;
 .timescale 0 0;
v0x555575886b60_0 .var "clk_in", 0 0;
v0x555575886c30_0 .net "clk_out", 0 0, v0x5555758868a0_0;  1 drivers
v0x555575886d00_0 .var "rst", 0 0;
S_0x555575874a50 .scope module, "uut" "clock_divider" 2 6, 3 1 0, S_0x5555758748c0;
 .timescale 0 0;
    .port_info 0 /INPUT 1 "clk_in";
    .port_info 1 /INPUT 1 "rst";
    .port_info 2 /OUTPUT 1 "clk_out";
v0x555575839d40_0 .net "clk_in", 0 0, v0x555575886b60_0;  1 drivers
v0x5555758868a0_0 .var "clk_out", 0 0;
v0x555575886960_0 .var "count", 10 0;
v0x555575886a20_0 .net "rst", 0 0, v0x555575886d00_0;  1 drivers
E_0x55557583a670 .event posedge, v0x555575886a20_0, v0x555575839d40_0;
    .scope S_0x555575874a50;
T_0 ;
    %wait E_0x55557583a670;
    %load/vec4 v0x555575886a20_0;
    %flag_set/vec4 8;
    %jmp/0xz  T_0.0, 8;
    %pushi/vec4 0, 0, 11;
    %assign/vec4 v0x555575886960_0, 0;
    %pushi/vec4 0, 0, 1;
    %assign/vec4 v0x5555758868a0_0, 0;
    %jmp T_0.1;
T_0.0 ;
    %load/vec4 v0x555575886960_0;
    %addi 1, 0, 11;
    %assign/vec4 v0x555575886960_0, 0;
    %load/vec4 v0x555575886960_0;
    %cmpi/e 2047, 0, 11;
    %jmp/0xz  T_0.2, 4;
    %load/vec4 v0x5555758868a0_0;
    %inv;
    %assign/vec4 v0x5555758868a0_0, 0;
    %pushi/vec4 0, 0, 11;
    %assign/vec4 v0x555575886960_0, 0;
T_0.2 ;
T_0.1 ;
    %jmp T_0;
    .thread T_0;
    .scope S_0x5555758748c0;
T_1 ;
    %delay 5, 0;
    %load/vec4 v0x555575886b60_0;
    %inv;
    %store/vec4 v0x555575886b60_0, 0, 1;
    %jmp T_1;
    .thread T_1;
    .scope S_0x5555758748c0;
T_2 ;
    %pushi/vec4 0, 0, 1;
    %store/vec4 v0x555575886d00_0, 0, 1;
    %delay 5, 0;
    %pushi/vec4 0, 0, 1;
    %store/vec4 v0x555575886b60_0, 0, 1;
    %pushi/vec4 1, 0, 1;
    %store/vec4 v0x555575886d00_0, 0, 1;
    %delay 10, 0;
    %pushi/vec4 0, 0, 1;
    %store/vec4 v0x555575886d00_0, 0, 1;
    %delay 2000000, 0;
    %delay 10, 0;
    %vpi_call 2 29 "$finish" {0 0 0};
    %end;
    .thread T_2;
    .scope S_0x5555758748c0;
T_3 ;
    %vpi_call 2 34 "$dumpfile", "clock_divider_tb.vcd" {0 0 0};
    %vpi_call 2 35 "$dumpvars", 32'sb00000000000000000000000000000000, S_0x5555758748c0 {0 0 0};
    %end;
    .thread T_3;
# The file index is used to find the file name in the following table.
:file_names 4;
    "N/A";
    "<interactive>";
    "clock_divider_tb.v";
    "clock_divider.v";
