#! /usr/oss-cad-suite/bin/vvp
:ivl_version "13.0 (devel)" "(s20250103-66-gd67d3323a)";
:ivl_delay_selection "TYPICAL";
:vpi_time_precision + 0;
:vpi_module "/usr/oss-cad-suite/lib/ivl/system.vpi";
:vpi_module "/usr/oss-cad-suite/lib/ivl/vhdl_sys.vpi";
:vpi_module "/usr/oss-cad-suite/lib/ivl/vhdl_textio.vpi";
:vpi_module "/usr/oss-cad-suite/lib/ivl/v2005_math.vpi";
:vpi_module "/usr/oss-cad-suite/lib/ivl/va_math.vpi";
S_0x5555690abd40 .scope module, "Example_tb" "Example_tb" 2 1;
 .timescale 0 0;
v0x555569106e60_0 .var "a", 0 0;
v0x555569106f20_0 .var "b", 0 0;
v0x555569106ff0_0 .var "c", 0 0;
v0x5555691070f0_0 .var "clk", 0 0;
v0x5555691071c0_0 .var "d", 0 0;
v0x555569107260_0 .var "e", 0 0;
v0x555569107330_0 .net "f", 0 0, v0x5555691069c0_0;  1 drivers
v0x555569107400_0 .net "f_clock", 0 0, v0x555569106a80_0;  1 drivers
v0x5555691074d0_0 .net "f_register", 0 0, v0x555569106b40_0;  1 drivers
v0x555569107630_0 .var "rst", 0 0;
S_0x5555690abed0 .scope module, "uut" "example" 2 6, 3 1 0, S_0x5555690abd40;
 .timescale 0 0;
    .port_info 0 /INPUT 1 "clk";
    .port_info 1 /INPUT 1 "rst";
    .port_info 2 /INPUT 1 "a";
    .port_info 3 /INPUT 1 "b";
    .port_info 4 /INPUT 1 "c";
    .port_info 5 /INPUT 1 "d";
    .port_info 6 /INPUT 1 "e";
    .port_info 7 /OUTPUT 1 "f";
    .port_info 8 /OUTPUT 1 "f_clock";
    .port_info 9 /OUTPUT 1 "f_register";
v0x5555690d8ee0_0 .net "a", 0 0, v0x555569106e60_0;  1 drivers
v0x5555691065d0_0 .net "b", 0 0, v0x555569106f20_0;  1 drivers
v0x555569106690_0 .net "c", 0 0, v0x555569106ff0_0;  1 drivers
v0x555569106730_0 .net "clk", 0 0, v0x5555691070f0_0;  1 drivers
v0x5555691067f0_0 .net "d", 0 0, v0x5555691071c0_0;  1 drivers
v0x555569106900_0 .net "e", 0 0, v0x555569107260_0;  1 drivers
v0x5555691069c0_0 .var "f", 0 0;
v0x555569106a80_0 .var "f_clock", 0 0;
v0x555569106b40_0 .var "f_register", 0 0;
v0x555569106c00_0 .net "rst", 0 0, v0x555569107630_0;  1 drivers
E_0x5555690e7c50 .event posedge, v0x555569106c00_0, v0x555569106730_0;
E_0x5555690e77e0/0 .event anyedge, v0x5555690d8ee0_0, v0x5555691065d0_0, v0x555569106690_0, v0x5555691067f0_0;
E_0x5555690e77e0/1 .event anyedge, v0x555569106900_0;
E_0x5555690e77e0 .event/or E_0x5555690e77e0/0, E_0x5555690e77e0/1;
    .scope S_0x5555690abed0;
T_0 ;
    %wait E_0x5555690e77e0;
    %load/vec4 v0x5555690d8ee0_0;
    %load/vec4 v0x5555691065d0_0;
    %and;
    %load/vec4 v0x555569106690_0;
    %load/vec4 v0x5555691067f0_0;
    %and;
    %or;
    %load/vec4 v0x555569106900_0;
    %or;
    %store/vec4 v0x5555691069c0_0, 0, 1;
    %jmp T_0;
    .thread T_0, $push;
    .scope S_0x5555690abed0;
T_1 ;
    %wait E_0x5555690e7c50;
    %load/vec4 v0x555569106c00_0;
    %flag_set/vec4 8;
    %jmp/0xz  T_1.0, 8;
    %pushi/vec4 0, 0, 1;
    %assign/vec4 v0x555569106a80_0, 0;
    %jmp T_1.1;
T_1.0 ;
    %load/vec4 v0x5555690d8ee0_0;
    %load/vec4 v0x5555691065d0_0;
    %and;
    %load/vec4 v0x555569106690_0;
    %load/vec4 v0x5555691067f0_0;
    %and;
    %or;
    %load/vec4 v0x555569106900_0;
    %or;
    %assign/vec4 v0x555569106a80_0, 0;
T_1.1 ;
    %load/vec4 v0x555569106a80_0;
    %assign/vec4 v0x555569106b40_0, 0;
    %jmp T_1;
    .thread T_1;
    .scope S_0x5555690abd40;
T_2 ;
    %delay 5, 0;
    %load/vec4 v0x5555691070f0_0;
    %inv;
    %store/vec4 v0x5555691070f0_0, 0, 1;
    %jmp T_2;
    .thread T_2;
    .scope S_0x5555690abd40;
T_3 ;
    %pushi/vec4 0, 0, 1;
    %store/vec4 v0x555569107630_0, 0, 1;
    %delay 5, 0;
    %pushi/vec4 0, 0, 1;
    %store/vec4 v0x5555691070f0_0, 0, 1;
    %pushi/vec4 1, 0, 1;
    %store/vec4 v0x555569107630_0, 0, 1;
    %pushi/vec4 0, 0, 1;
    %store/vec4 v0x555569106e60_0, 0, 1;
    %pushi/vec4 0, 0, 1;
    %store/vec4 v0x555569106f20_0, 0, 1;
    %pushi/vec4 0, 0, 1;
    %store/vec4 v0x555569106ff0_0, 0, 1;
    %pushi/vec4 0, 0, 1;
    %store/vec4 v0x5555691071c0_0, 0, 1;
    %pushi/vec4 0, 0, 1;
    %store/vec4 v0x555569107260_0, 0, 1;
    %delay 10, 0;
    %pushi/vec4 0, 0, 1;
    %store/vec4 v0x555569107630_0, 0, 1;
    %delay 10, 0;
    %pushi/vec4 1, 0, 1;
    %store/vec4 v0x555569106e60_0, 0, 1;
    %pushi/vec4 1, 0, 1;
    %store/vec4 v0x555569106f20_0, 0, 1;
    %pushi/vec4 0, 0, 1;
    %store/vec4 v0x555569106ff0_0, 0, 1;
    %pushi/vec4 0, 0, 1;
    %store/vec4 v0x5555691071c0_0, 0, 1;
    %pushi/vec4 0, 0, 1;
    %store/vec4 v0x555569107260_0, 0, 1;
    %delay 10, 0;
    %pushi/vec4 0, 0, 1;
    %store/vec4 v0x555569106e60_0, 0, 1;
    %pushi/vec4 0, 0, 1;
    %store/vec4 v0x555569106f20_0, 0, 1;
    %pushi/vec4 1, 0, 1;
    %store/vec4 v0x555569106ff0_0, 0, 1;
    %pushi/vec4 1, 0, 1;
    %store/vec4 v0x5555691071c0_0, 0, 1;
    %pushi/vec4 0, 0, 1;
    %store/vec4 v0x555569107260_0, 0, 1;
    %delay 10, 0;
    %pushi/vec4 0, 0, 1;
    %store/vec4 v0x555569106e60_0, 0, 1;
    %pushi/vec4 0, 0, 1;
    %store/vec4 v0x555569106f20_0, 0, 1;
    %pushi/vec4 0, 0, 1;
    %store/vec4 v0x555569106ff0_0, 0, 1;
    %pushi/vec4 0, 0, 1;
    %store/vec4 v0x5555691071c0_0, 0, 1;
    %pushi/vec4 1, 0, 1;
    %store/vec4 v0x555569107260_0, 0, 1;
    %delay 10, 0;
    %pushi/vec4 1, 0, 1;
    %store/vec4 v0x555569106e60_0, 0, 1;
    %pushi/vec4 1, 0, 1;
    %store/vec4 v0x555569106f20_0, 0, 1;
    %pushi/vec4 1, 0, 1;
    %store/vec4 v0x555569106ff0_0, 0, 1;
    %pushi/vec4 1, 0, 1;
    %store/vec4 v0x5555691071c0_0, 0, 1;
    %pushi/vec4 1, 0, 1;
    %store/vec4 v0x555569107260_0, 0, 1;
    %delay 10, 0;
    %pushi/vec4 1, 0, 1;
    %store/vec4 v0x555569106e60_0, 0, 1;
    %pushi/vec4 0, 0, 1;
    %store/vec4 v0x555569106f20_0, 0, 1;
    %pushi/vec4 1, 0, 1;
    %store/vec4 v0x555569106ff0_0, 0, 1;
    %pushi/vec4 0, 0, 1;
    %store/vec4 v0x5555691071c0_0, 0, 1;
    %pushi/vec4 1, 0, 1;
    %store/vec4 v0x555569107260_0, 0, 1;
    %delay 10, 0;
    %pushi/vec4 0, 0, 1;
    %store/vec4 v0x555569106e60_0, 0, 1;
    %pushi/vec4 1, 0, 1;
    %store/vec4 v0x555569106f20_0, 0, 1;
    %pushi/vec4 0, 0, 1;
    %store/vec4 v0x555569106ff0_0, 0, 1;
    %pushi/vec4 1, 0, 1;
    %store/vec4 v0x5555691071c0_0, 0, 1;
    %pushi/vec4 0, 0, 1;
    %store/vec4 v0x555569107260_0, 0, 1;
    %delay 10, 0;
    %pushi/vec4 1, 0, 1;
    %store/vec4 v0x555569106e60_0, 0, 1;
    %pushi/vec4 0, 0, 1;
    %store/vec4 v0x555569106f20_0, 0, 1;
    %pushi/vec4 0, 0, 1;
    %store/vec4 v0x555569106ff0_0, 0, 1;
    %pushi/vec4 1, 0, 1;
    %store/vec4 v0x5555691071c0_0, 0, 1;
    %pushi/vec4 0, 0, 1;
    %store/vec4 v0x555569107260_0, 0, 1;
    %pushi/vec4 5, 0, 32;
T_3.0 %dup/vec4;
    %cmpi/s 0, 0, 32;
    %jmp/1xz T_3.1, 5;
    %jmp/1 T_3.1, 4;
    %subi 1, 0, 32;
    %delay 10, 0;
    %vpi_func 2 44 "$random" 32 {0 0 0};
    %pushi/vec4 2, 0, 32;
    %mod/s;
    %pad/s 1;
    %store/vec4 v0x555569106e60_0, 0, 1;
    %vpi_func 2 44 "$random" 32 {0 0 0};
    %pushi/vec4 2, 0, 32;
    %mod/s;
    %pad/s 1;
    %store/vec4 v0x555569106f20_0, 0, 1;
    %vpi_func 2 44 "$random" 32 {0 0 0};
    %pushi/vec4 2, 0, 32;
    %mod/s;
    %pad/s 1;
    %store/vec4 v0x555569106ff0_0, 0, 1;
    %vpi_func 2 44 "$random" 32 {0 0 0};
    %pushi/vec4 2, 0, 32;
    %mod/s;
    %pad/s 1;
    %store/vec4 v0x5555691071c0_0, 0, 1;
    %vpi_func 2 44 "$random" 32 {0 0 0};
    %pushi/vec4 2, 0, 32;
    %mod/s;
    %pad/s 1;
    %store/vec4 v0x555569107260_0, 0, 1;
    %jmp T_3.0;
T_3.1 ;
    %pop/vec4 1;
    %delay 10, 0;
    %vpi_call 2 48 "$finish" {0 0 0};
    %end;
    .thread T_3;
    .scope S_0x5555690abd40;
T_4 ;
    %vpi_call 2 52 "$dumpfile", "Example_tb.vcd" {0 0 0};
    %vpi_call 2 53 "$dumpvars", 32'sb00000000000000000000000000000000, S_0x5555690abd40 {0 0 0};
    %vpi_call 2 54 "$monitor", "At time %t: a=%b, b=%b, c=%b, d=%b, e=%b, f=%b", $time, v0x555569106e60_0, v0x555569106f20_0, v0x555569106ff0_0, v0x5555691071c0_0, v0x555569107260_0, v0x555569107330_0 {0 0 0};
    %end;
    .thread T_4;
# The file index is used to find the file name in the following table.
:file_names 4;
    "N/A";
    "<interactive>";
    "Example_tb.v";
    "Example.v";
