#! /usr/oss-cad-suite/bin/vvp
:ivl_version "13.0 (devel)" "(s20250103-66-gd67d3323a)";
:ivl_delay_selection "TYPICAL";
:vpi_time_precision + 0;
:vpi_module "/usr/oss-cad-suite/lib/ivl/system.vpi";
:vpi_module "/usr/oss-cad-suite/lib/ivl/vhdl_sys.vpi";
:vpi_module "/usr/oss-cad-suite/lib/ivl/vhdl_textio.vpi";
:vpi_module "/usr/oss-cad-suite/lib/ivl/v2005_math.vpi";
:vpi_module "/usr/oss-cad-suite/lib/ivl/va_math.vpi";
S_0x55557671be40 .scope module, "UART_Tx" "UART_Tx" 2 1;
 .timescale 0 0;
    .port_info 0 /INPUT 1 "clk";
    .port_info 1 /INPUT 1 "rst";
    .port_info 2 /INPUT 8 "data_in";
    .port_info 3 /INPUT 1 "start";
    .port_info 4 /OUTPUT 1 "tx_out";
    .port_info 5 /OUTPUT 1 "busy";
P_0x55557671dd00 .param/l "BAUD_RATE" 0 2 1, +C4<00000000000000000010010110000000>;
P_0x55557671dd40 .param/l "BITS" 0 2 1, +C4<00000000000000000000000000001000>;
P_0x55557671dd80 .param/l "CLOCK_FREQ" 0 2 1, +C4<00000010111110101111000010000000>;
P_0x55557671ddc0 .param/l "DATA_BITS" 1 2 9, C4<10>;
P_0x55557671de00 .param/l "IDLE" 1 2 9, C4<00>;
P_0x55557671de40 .param/l "START_BIT" 1 2 9, C4<01>;
P_0x55557671de80 .param/l "STOP_BIT" 1 2 9, C4<11>;
v0x55557671dc60_0 .var "baud_counter", 15 0;
v0x55557676fc50_0 .var "bit_index", 3 0;
v0x55557676fd30_0 .var "busy", 0 0;
o0x74da8a99d0a8 .functor BUFZ 1, c4<z>; HiZ drive
v0x55557676fe00_0 .net "clk", 0 0, o0x74da8a99d0a8;  0 drivers
v0x55557676fec0_0 .var "data_buffer", 7 0;
o0x74da8a99d108 .functor BUFZ 8, c4<zzzzzzzz>; HiZ drive
v0x55557676fff0_0 .net "data_in", 7 0, o0x74da8a99d108;  0 drivers
o0x74da8a99d138 .functor BUFZ 1, c4<z>; HiZ drive
v0x5555767700d0_0 .net "rst", 0 0, o0x74da8a99d138;  0 drivers
o0x74da8a99d168 .functor BUFZ 1, c4<z>; HiZ drive
v0x555576770190_0 .net "start", 0 0, o0x74da8a99d168;  0 drivers
v0x555576770250_0 .var "state", 1 0;
v0x555576770330_0 .var "tx_out", 0 0;
E_0x555576755520 .event posedge, v0x5555767700d0_0, v0x55557676fe00_0;
    .scope S_0x55557671be40;
T_0 ;
    %wait E_0x555576755520;
    %load/vec4 v0x5555767700d0_0;
    %flag_set/vec4 8;
    %jmp/0xz  T_0.0, 8;
    %pushi/vec4 0, 0, 2;
    %assign/vec4 v0x555576770250_0, 0;
    %pushi/vec4 1, 0, 1;
    %assign/vec4 v0x555576770330_0, 0;
    %pushi/vec4 0, 0, 1;
    %assign/vec4 v0x55557676fd30_0, 0;
    %pushi/vec4 0, 0, 4;
    %assign/vec4 v0x55557676fc50_0, 0;
    %pushi/vec4 0, 0, 16;
    %assign/vec4 v0x55557671dc60_0, 0;
    %jmp T_0.1;
T_0.0 ;
    %load/vec4 v0x555576770250_0;
    %dup/vec4;
    %pushi/vec4 0, 0, 2;
    %cmp/u;
    %jmp/1 T_0.2, 6;
    %dup/vec4;
    %pushi/vec4 1, 0, 2;
    %cmp/u;
    %jmp/1 T_0.3, 6;
    %dup/vec4;
    %pushi/vec4 2, 0, 2;
    %cmp/u;
    %jmp/1 T_0.4, 6;
    %dup/vec4;
    %pushi/vec4 3, 0, 2;
    %cmp/u;
    %jmp/1 T_0.5, 6;
    %jmp T_0.6;
T_0.2 ;
    %pushi/vec4 1, 0, 1;
    %assign/vec4 v0x555576770330_0, 0;
    %pushi/vec4 0, 0, 1;
    %assign/vec4 v0x55557676fd30_0, 0;
    %load/vec4 v0x555576770190_0;
    %flag_set/vec4 8;
    %jmp/0xz  T_0.7, 8;
    %load/vec4 v0x55557676fff0_0;
    %assign/vec4 v0x55557676fec0_0, 0;
    %pushi/vec4 1, 0, 2;
    %assign/vec4 v0x555576770250_0, 0;
    %pushi/vec4 1, 0, 1;
    %assign/vec4 v0x55557676fd30_0, 0;
T_0.7 ;
    %jmp T_0.6;
T_0.3 ;
    %pushi/vec4 0, 0, 1;
    %assign/vec4 v0x555576770330_0, 0;
    %load/vec4 v0x55557671dc60_0;
    %pad/u 32;
    %cmpi/u 5207, 0, 32;
    %jmp/0xz  T_0.9, 5;
    %load/vec4 v0x55557671dc60_0;
    %addi 1, 0, 16;
    %assign/vec4 v0x55557671dc60_0, 0;
    %jmp T_0.10;
T_0.9 ;
    %pushi/vec4 0, 0, 16;
    %assign/vec4 v0x55557671dc60_0, 0;
    %pushi/vec4 2, 0, 2;
    %assign/vec4 v0x555576770250_0, 0;
    %pushi/vec4 0, 0, 4;
    %assign/vec4 v0x55557676fc50_0, 0;
T_0.10 ;
    %jmp T_0.6;
T_0.4 ;
    %load/vec4 v0x55557676fec0_0;
    %load/vec4 v0x55557676fc50_0;
    %part/u 1;
    %assign/vec4 v0x555576770330_0, 0;
    %load/vec4 v0x55557671dc60_0;
    %pad/u 32;
    %cmpi/u 5207, 0, 32;
    %jmp/0xz  T_0.11, 5;
    %load/vec4 v0x55557671dc60_0;
    %addi 1, 0, 16;
    %assign/vec4 v0x55557671dc60_0, 0;
    %jmp T_0.12;
T_0.11 ;
    %pushi/vec4 0, 0, 16;
    %assign/vec4 v0x55557671dc60_0, 0;
    %load/vec4 v0x55557676fc50_0;
    %pad/u 32;
    %cmpi/u 7, 0, 32;
    %jmp/0xz  T_0.13, 5;
    %load/vec4 v0x55557676fc50_0;
    %addi 1, 0, 4;
    %assign/vec4 v0x55557676fc50_0, 0;
    %jmp T_0.14;
T_0.13 ;
    %pushi/vec4 3, 0, 2;
    %assign/vec4 v0x555576770250_0, 0;
T_0.14 ;
T_0.12 ;
    %jmp T_0.6;
T_0.5 ;
    %pushi/vec4 1, 0, 1;
    %assign/vec4 v0x555576770330_0, 0;
    %load/vec4 v0x55557671dc60_0;
    %pad/u 32;
    %cmpi/u 5207, 0, 32;
    %jmp/0xz  T_0.15, 5;
    %load/vec4 v0x55557671dc60_0;
    %addi 1, 0, 16;
    %assign/vec4 v0x55557671dc60_0, 0;
    %jmp T_0.16;
T_0.15 ;
    %pushi/vec4 0, 0, 16;
    %assign/vec4 v0x55557671dc60_0, 0;
    %pushi/vec4 0, 0, 2;
    %assign/vec4 v0x555576770250_0, 0;
T_0.16 ;
    %jmp T_0.6;
T_0.6 ;
    %pop/vec4 1;
T_0.1 ;
    %jmp T_0;
    .thread T_0;
# The file index is used to find the file name in the following table.
:file_names 3;
    "N/A";
    "<interactive>";
    "UART_Tx.v";
