#! /usr/oss-cad-suite/bin/vvp
:ivl_version "13.0 (devel)" "(s20250103-66-gd67d3323a)";
:ivl_delay_selection "TYPICAL";
:vpi_time_precision + 0;
:vpi_module "/usr/oss-cad-suite/lib/ivl/system.vpi";
:vpi_module "/usr/oss-cad-suite/lib/ivl/vhdl_sys.vpi";
:vpi_module "/usr/oss-cad-suite/lib/ivl/vhdl_textio.vpi";
:vpi_module "/usr/oss-cad-suite/lib/ivl/v2005_math.vpi";
:vpi_module "/usr/oss-cad-suite/lib/ivl/va_math.vpi";
S_0x55557358eb30 .scope module, "UART_tb" "UART_tb" 2 1;
 .timescale 0 0;
v0x5555735bf540_0 .net "busy", 0 0, v0x5555735be750_0;  1 drivers
v0x5555735bf650_0 .var "clk", 0 0;
v0x5555735bf710_0 .var "data_in", 7 0;
v0x5555735bf800_0 .net "data_out", 7 0, v0x5555735bd8c0_0;  1 drivers
v0x5555735bf8f0_0 .net "data_valid", 0 0, v0x5555735bd9a0_0;  1 drivers
v0x5555735bfa30_0 .var "rst", 0 0;
v0x5555735bfad0_0 .var "start", 0 0;
E_0x55557359a200 .event anyedge, v0x5555735be750_0;
S_0x55557358ecc0 .scope module, "uart" "UART" 2 19, 3 1 0, S_0x55557358eb30;
 .timescale 0 0;
    .port_info 0 /INPUT 1 "clk";
    .port_info 1 /INPUT 1 "rst";
    .port_info 2 /INPUT 1 "start";
    .port_info 3 /INPUT 8 "data_in";
    .port_info 4 /OUTPUT 8 "data_out";
    .port_info 5 /OUTPUT 1 "data_valid";
    .port_info 6 /OUTPUT 1 "busy";
P_0x55557358eea0 .param/l "BAUD_RATE" 0 3 1, +C4<00000000000000000010010110000000>;
P_0x55557358eee0 .param/l "BITS" 0 3 1, +C4<00000000000000000000000000001000>;
P_0x55557358ef20 .param/l "CLOCK_FREQ" 0 3 1, +C4<00000010111110101111000010000000>;
v0x5555735bee70_0 .net "UART_wire", 0 0, v0x5555735bed00_0;  1 drivers
v0x5555735bef30_0 .net "busy", 0 0, v0x5555735be750_0;  alias, 1 drivers
v0x5555735beff0_0 .net "clk", 0 0, v0x5555735bf650_0;  1 drivers
v0x5555735bf110_0 .net "data_in", 7 0, v0x5555735bf710_0;  1 drivers
v0x5555735bf1b0_0 .net "data_out", 7 0, v0x5555735bd8c0_0;  alias, 1 drivers
v0x5555735bf2a0_0 .net "data_valid", 0 0, v0x5555735bd9a0_0;  alias, 1 drivers
v0x5555735bf370_0 .net "rst", 0 0, v0x5555735bfa30_0;  1 drivers
v0x5555735bf460_0 .net "start", 0 0, v0x5555735bfad0_0;  1 drivers
S_0x55557359ccd0 .scope module, "uart_rx" "UART_Rx" 3 24, 4 1 0, S_0x55557358ecc0;
 .timescale 0 0;
    .port_info 0 /INPUT 1 "clk";
    .port_info 1 /INPUT 1 "rst";
    .port_info 2 /INPUT 1 "rx_in";
    .port_info 3 /OUTPUT 8 "data_out";
    .port_info 4 /OUTPUT 1 "data_valid";
P_0x55557354ed00 .param/l "BAUD_RATE" 0 4 1, +C4<00000000000000000010010110000000>;
P_0x55557354ed40 .param/l "BITS" 0 4 1, +C4<00000000000000000000000000001000>;
P_0x55557354ed80 .param/l "CLOCK_FREQ" 0 4 1, +C4<00000010111110101111000010000000>;
P_0x55557354edc0 .param/l "DATA_BITS" 1 4 8, +C4<00000000000000000000000000000010>;
P_0x55557354ee00 .param/l "IDLE" 1 4 8, +C4<00000000000000000000000000000000>;
P_0x55557354ee40 .param/l "START_BIT" 1 4 8, +C4<00000000000000000000000000000001>;
P_0x55557354ee80 .param/l "STOP_BIT" 1 4 8, +C4<00000000000000000000000000000011>;
v0x55557354d3b0_0 .var "baud_counter", 15 0;
v0x55557357ad90_0 .var "bit_index", 3 0;
v0x55557357ae30_0 .net "clk", 0 0, v0x5555735bf650_0;  alias, 1 drivers
v0x5555735bd8c0_0 .var "data_out", 7 0;
v0x5555735bd9a0_0 .var "data_valid", 0 0;
v0x5555735bdab0_0 .net "rst", 0 0, v0x5555735bfa30_0;  alias, 1 drivers
v0x5555735bdb70_0 .net "rx_in", 0 0, v0x5555735bed00_0;  alias, 1 drivers
v0x5555735bdc30_0 .var "state", 1 0;
E_0x55557359b400 .event posedge, v0x5555735bdab0_0, v0x55557357ae30_0;
S_0x5555735bddb0 .scope module, "uart_tx" "UART_Tx" 3 15, 5 1 0, S_0x55557358ecc0;
 .timescale 0 0;
    .port_info 0 /INPUT 1 "clk";
    .port_info 1 /INPUT 1 "rst";
    .port_info 2 /INPUT 8 "data_in";
    .port_info 3 /INPUT 1 "start";
    .port_info 4 /OUTPUT 1 "tx_out";
    .port_info 5 /OUTPUT 1 "busy";
P_0x5555735bdfb0 .param/l "BAUD_RATE" 0 5 1, +C4<00000000000000000010010110000000>;
P_0x5555735bdff0 .param/l "BITS" 0 5 1, +C4<00000000000000000000000000001000>;
P_0x5555735be030 .param/l "CLOCK_FREQ" 0 5 1, +C4<00000010111110101111000010000000>;
P_0x5555735be070 .param/l "DATA_BITS" 1 5 9, C4<10>;
P_0x5555735be0b0 .param/l "IDLE" 1 5 9, C4<00>;
P_0x5555735be0f0 .param/l "START_BIT" 1 5 9, C4<01>;
P_0x5555735be130 .param/l "STOP_BIT" 1 5 9, C4<11>;
v0x5555735be590_0 .var "baud_counter", 15 0;
v0x5555735be670_0 .var "bit_index", 3 0;
v0x5555735be750_0 .var "busy", 0 0;
v0x5555735be820_0 .net "clk", 0 0, v0x5555735bf650_0;  alias, 1 drivers
v0x5555735be8f0_0 .var "data_buffer", 7 0;
v0x5555735bea00_0 .net "data_in", 7 0, v0x5555735bf710_0;  alias, 1 drivers
v0x5555735beae0_0 .net "rst", 0 0, v0x5555735bfa30_0;  alias, 1 drivers
v0x5555735beb80_0 .net "start", 0 0, v0x5555735bfad0_0;  alias, 1 drivers
v0x5555735bec20_0 .var "state", 1 0;
v0x5555735bed00_0 .var "tx_out", 0 0;
    .scope S_0x5555735bddb0;
T_0 ;
    %wait E_0x55557359b400;
    %load/vec4 v0x5555735beae0_0;
    %flag_set/vec4 8;
    %jmp/0xz  T_0.0, 8;
    %pushi/vec4 0, 0, 2;
    %assign/vec4 v0x5555735bec20_0, 0;
    %pushi/vec4 1, 0, 1;
    %assign/vec4 v0x5555735bed00_0, 0;
    %pushi/vec4 0, 0, 1;
    %assign/vec4 v0x5555735be750_0, 0;
    %pushi/vec4 0, 0, 4;
    %assign/vec4 v0x5555735be670_0, 0;
    %pushi/vec4 0, 0, 16;
    %assign/vec4 v0x5555735be590_0, 0;
    %jmp T_0.1;
T_0.0 ;
    %load/vec4 v0x5555735bec20_0;
    %dup/vec4;
    %pushi/vec4 0, 0, 2;
    %cmp/u;
    %jmp/1 T_0.2, 6;
    %dup/vec4;
    %pushi/vec4 1, 0, 2;
    %cmp/u;
    %jmp/1 T_0.3, 6;
    %dup/vec4;
    %pushi/vec4 2, 0, 2;
    %cmp/u;
    %jmp/1 T_0.4, 6;
    %dup/vec4;
    %pushi/vec4 3, 0, 2;
    %cmp/u;
    %jmp/1 T_0.5, 6;
    %jmp T_0.6;
T_0.2 ;
    %pushi/vec4 1, 0, 1;
    %assign/vec4 v0x5555735bed00_0, 0;
    %pushi/vec4 0, 0, 1;
    %assign/vec4 v0x5555735be750_0, 0;
    %load/vec4 v0x5555735beb80_0;
    %flag_set/vec4 8;
    %jmp/0xz  T_0.7, 8;
    %load/vec4 v0x5555735bea00_0;
    %assign/vec4 v0x5555735be8f0_0, 0;
    %pushi/vec4 1, 0, 2;
    %assign/vec4 v0x5555735bec20_0, 0;
    %pushi/vec4 1, 0, 1;
    %assign/vec4 v0x5555735be750_0, 0;
T_0.7 ;
    %jmp T_0.6;
T_0.3 ;
    %pushi/vec4 0, 0, 1;
    %assign/vec4 v0x5555735bed00_0, 0;
    %load/vec4 v0x5555735be590_0;
    %pad/u 32;
    %cmpi/u 5207, 0, 32;
    %jmp/0xz  T_0.9, 5;
    %load/vec4 v0x5555735be590_0;
    %addi 1, 0, 16;
    %assign/vec4 v0x5555735be590_0, 0;
    %jmp T_0.10;
T_0.9 ;
    %pushi/vec4 0, 0, 16;
    %assign/vec4 v0x5555735be590_0, 0;
    %pushi/vec4 2, 0, 2;
    %assign/vec4 v0x5555735bec20_0, 0;
    %pushi/vec4 0, 0, 4;
    %assign/vec4 v0x5555735be670_0, 0;
T_0.10 ;
    %jmp T_0.6;
T_0.4 ;
    %load/vec4 v0x5555735be8f0_0;
    %load/vec4 v0x5555735be670_0;
    %part/u 1;
    %assign/vec4 v0x5555735bed00_0, 0;
    %load/vec4 v0x5555735be590_0;
    %pad/u 32;
    %cmpi/u 5207, 0, 32;
    %jmp/0xz  T_0.11, 5;
    %load/vec4 v0x5555735be590_0;
    %addi 1, 0, 16;
    %assign/vec4 v0x5555735be590_0, 0;
    %jmp T_0.12;
T_0.11 ;
    %pushi/vec4 0, 0, 16;
    %assign/vec4 v0x5555735be590_0, 0;
    %load/vec4 v0x5555735be670_0;
    %pad/u 32;
    %cmpi/u 7, 0, 32;
    %jmp/0xz  T_0.13, 5;
    %load/vec4 v0x5555735be670_0;
    %addi 1, 0, 4;
    %assign/vec4 v0x5555735be670_0, 0;
    %jmp T_0.14;
T_0.13 ;
    %pushi/vec4 3, 0, 2;
    %assign/vec4 v0x5555735bec20_0, 0;
T_0.14 ;
T_0.12 ;
    %jmp T_0.6;
T_0.5 ;
    %pushi/vec4 1, 0, 1;
    %assign/vec4 v0x5555735bed00_0, 0;
    %load/vec4 v0x5555735be590_0;
    %pad/u 32;
    %cmpi/u 5207, 0, 32;
    %jmp/0xz  T_0.15, 5;
    %load/vec4 v0x5555735be590_0;
    %addi 1, 0, 16;
    %assign/vec4 v0x5555735be590_0, 0;
    %jmp T_0.16;
T_0.15 ;
    %pushi/vec4 0, 0, 16;
    %assign/vec4 v0x5555735be590_0, 0;
    %pushi/vec4 0, 0, 2;
    %assign/vec4 v0x5555735bec20_0, 0;
T_0.16 ;
    %jmp T_0.6;
T_0.6 ;
    %pop/vec4 1;
T_0.1 ;
    %jmp T_0;
    .thread T_0;
    .scope S_0x55557359ccd0;
T_1 ;
    %pushi/vec4 0, 0, 2;
    %store/vec4 v0x5555735bdc30_0, 0, 2;
    %pushi/vec4 0, 0, 4;
    %store/vec4 v0x55557357ad90_0, 0, 4;
    %pushi/vec4 0, 0, 16;
    %store/vec4 v0x55557354d3b0_0, 0, 16;
    %end;
    .thread T_1;
    .scope S_0x55557359ccd0;
T_2 ;
    %wait E_0x55557359b400;
    %load/vec4 v0x5555735bdab0_0;
    %flag_set/vec4 8;
    %jmp/0xz  T_2.0, 8;
    %pushi/vec4 0, 0, 2;
    %assign/vec4 v0x5555735bdc30_0, 0;
    %pushi/vec4 0, 0, 8;
    %assign/vec4 v0x5555735bd8c0_0, 0;
    %pushi/vec4 0, 0, 1;
    %assign/vec4 v0x5555735bd9a0_0, 0;
    %pushi/vec4 0, 0, 4;
    %assign/vec4 v0x55557357ad90_0, 0;
    %pushi/vec4 0, 0, 16;
    %assign/vec4 v0x55557354d3b0_0, 0;
    %jmp T_2.1;
T_2.0 ;
    %load/vec4 v0x5555735bdc30_0;
    %dup/vec4;
    %pushi/vec4 0, 0, 2;
    %cmp/u;
    %jmp/1 T_2.2, 6;
    %dup/vec4;
    %pushi/vec4 1, 0, 2;
    %cmp/u;
    %jmp/1 T_2.3, 6;
    %dup/vec4;
    %pushi/vec4 2, 0, 2;
    %cmp/u;
    %jmp/1 T_2.4, 6;
    %dup/vec4;
    %pushi/vec4 3, 0, 2;
    %cmp/u;
    %jmp/1 T_2.5, 6;
    %jmp T_2.6;
T_2.2 ;
    %pushi/vec4 0, 0, 1;
    %assign/vec4 v0x5555735bd9a0_0, 0;
    %load/vec4 v0x5555735bdb70_0;
    %pad/u 32;
    %cmpi/e 0, 0, 32;
    %jmp/0xz  T_2.7, 4;
    %pushi/vec4 1, 0, 2;
    %assign/vec4 v0x5555735bdc30_0, 0;
    %pushi/vec4 2604, 0, 16;
    %assign/vec4 v0x55557354d3b0_0, 0;
T_2.7 ;
    %jmp T_2.6;
T_2.3 ;
    %load/vec4 v0x55557354d3b0_0;
    %pad/u 32;
    %cmpi/u 0, 0, 32;
    %flag_or 5, 4; GT is !LE
    %flag_inv 5;
    %jmp/0xz  T_2.9, 5;
    %load/vec4 v0x55557354d3b0_0;
    %subi 1, 0, 16;
    %assign/vec4 v0x55557354d3b0_0, 0;
    %jmp T_2.10;
T_2.9 ;
    %pushi/vec4 5207, 0, 16;
    %assign/vec4 v0x55557354d3b0_0, 0;
    %pushi/vec4 2, 0, 2;
    %assign/vec4 v0x5555735bdc30_0, 0;
T_2.10 ;
    %jmp T_2.6;
T_2.4 ;
    %load/vec4 v0x55557354d3b0_0;
    %pad/u 32;
    %cmpi/u 0, 0, 32;
    %flag_or 5, 4; GT is !LE
    %flag_inv 5;
    %jmp/0xz  T_2.11, 5;
    %load/vec4 v0x55557354d3b0_0;
    %subi 1, 0, 16;
    %assign/vec4 v0x55557354d3b0_0, 0;
    %jmp T_2.12;
T_2.11 ;
    %pushi/vec4 5207, 0, 16;
    %assign/vec4 v0x55557354d3b0_0, 0;
    %load/vec4 v0x5555735bdb70_0;
    %ix/load 5, 0, 0;
    %ix/getv 4, v0x55557357ad90_0;
    %assign/vec4/off/d v0x5555735bd8c0_0, 4, 5;
    %load/vec4 v0x55557357ad90_0;
    %pad/u 32;
    %cmpi/u 7, 0, 32;
    %jmp/0xz  T_2.13, 5;
    %load/vec4 v0x55557357ad90_0;
    %addi 1, 0, 4;
    %assign/vec4 v0x55557357ad90_0, 0;
    %jmp T_2.14;
T_2.13 ;
    %pushi/vec4 0, 0, 4;
    %assign/vec4 v0x55557357ad90_0, 0;
    %pushi/vec4 3, 0, 2;
    %assign/vec4 v0x5555735bdc30_0, 0;
T_2.14 ;
T_2.12 ;
    %jmp T_2.6;
T_2.5 ;
    %load/vec4 v0x55557354d3b0_0;
    %pad/u 32;
    %cmpi/u 0, 0, 32;
    %flag_or 5, 4; GT is !LE
    %flag_inv 5;
    %jmp/0xz  T_2.15, 5;
    %load/vec4 v0x55557354d3b0_0;
    %subi 1, 0, 16;
    %assign/vec4 v0x55557354d3b0_0, 0;
    %jmp T_2.16;
T_2.15 ;
    %pushi/vec4 1, 0, 1;
    %assign/vec4 v0x5555735bd9a0_0, 0;
    %pushi/vec4 0, 0, 2;
    %assign/vec4 v0x5555735bdc30_0, 0;
T_2.16 ;
    %jmp T_2.6;
T_2.6 ;
    %pop/vec4 1;
T_2.1 ;
    %jmp T_2;
    .thread T_2;
    .scope S_0x55557358eb30;
T_3 ;
    %pushi/vec4 0, 0, 1;
    %store/vec4 v0x5555735bf650_0, 0, 1;
    %pushi/vec4 0, 0, 1;
    %store/vec4 v0x5555735bfa30_0, 0, 1;
    %pushi/vec4 0, 0, 8;
    %store/vec4 v0x5555735bf710_0, 0, 8;
    %pushi/vec4 0, 0, 1;
    %store/vec4 v0x5555735bfad0_0, 0, 1;
    %end;
    .thread T_3;
    .scope S_0x55557358eb30;
T_4 ;
    %delay 10, 0;
    %load/vec4 v0x5555735bf650_0;
    %inv;
    %store/vec4 v0x5555735bf650_0, 0, 1;
    %jmp T_4;
    .thread T_4;
    .scope S_0x55557358eb30;
T_5 ;
    %vpi_call 2 43 "$display", "Simulaci\303\263n iniciada" {0 0 0};
    %delay 30, 0;
    %pushi/vec4 1, 0, 1;
    %store/vec4 v0x5555735bfa30_0, 0, 1;
    %delay 10, 0;
    %pushi/vec4 0, 0, 1;
    %store/vec4 v0x5555735bfa30_0, 0, 1;
    %delay 20000, 0;
    %pushi/vec4 10, 0, 32;
T_5.0 %dup/vec4;
    %cmpi/s 0, 0, 32;
    %jmp/1xz T_5.1, 5;
    %jmp/1 T_5.1, 4;
    %subi 1, 0, 32;
    %vpi_func 2 50 "$random" 32 {0 0 0};
    %pushi/vec4 256, 0, 32;
    %mod/s;
    %pad/s 8;
    %store/vec4 v0x5555735bf710_0, 0, 8;
    %pushi/vec4 1, 0, 1;
    %store/vec4 v0x5555735bfad0_0, 0, 1;
    %delay 20, 0;
    %pushi/vec4 0, 0, 1;
    %store/vec4 v0x5555735bfad0_0, 0, 1;
T_5.2 ;
    %load/vec4 v0x5555735bf540_0;
    %nor/r;
    %cmpi/ne 1, 0, 1;
    %jmp/0xz T_5.3, 6;
    %wait E_0x55557359a200;
    %jmp T_5.2;
T_5.3 ;
    %vpi_call 2 55 "$display", "Dato transmitido: %b, Dato recibido: %b", v0x5555735bf710_0, v0x5555735bf800_0 {0 0 0};
    %delay 20, 0;
    %jmp T_5.0;
T_5.1 ;
    %pop/vec4 1;
    %vpi_call 2 58 "$display", "Simulaci\303\263n finalizada" {0 0 0};
    %vpi_call 2 59 "$finish" {0 0 0};
    %end;
    .thread T_5;
    .scope S_0x55557358eb30;
T_6 ;
    %vpi_call 2 64 "$dumpfile", "UART_tb.vcd" {0 0 0};
    %vpi_call 2 65 "$dumpvars", 32'sb00000000000000000000000000000000, S_0x55557358eb30 {0 0 0};
    %end;
    .thread T_6;
# The file index is used to find the file name in the following table.
:file_names 6;
    "N/A";
    "<interactive>";
    "UART_tb.v";
    "UART.v";
    "UART_Rx.v";
    "UART_Tx.v";
